============================= test session starts =============================
platform win32 -- Python 3.12.0, pytest-7.4.3, pluggy-1.3.0
rootdir: C:\Users\jange\Python Scripts\arxiv-db
plugins: anyio-3.7.1
collected 5 items

mongodb_api\tests\test_routes.py .....                                   [100%]

============================== warnings summary ===============================
..\..\anaconda3\envs\arxiv-db\Lib\site-packages\dateutil\tz\tz.py:37
  C:\Users\jange\anaconda3\envs\arxiv-db\Lib\site-packages\dateutil\tz\tz.py:37: DeprecationWarning: datetime.datetime.utcfromtimestamp() is deprecated and scheduled for removal in a future version. Use timezone-aware objects to represent datetimes in UTC: datetime.datetime.fromtimestamp(timestamp, datetime.UTC).
    EPOCH = datetime.datetime.utcfromtimestamp(0)

..\..\anaconda3\envs\arxiv-db\Lib\site-packages\pydantic\_internal\_config.py:268
..\..\anaconda3\envs\arxiv-db\Lib\site-packages\pydantic\_internal\_config.py:268
  C:\Users\jange\anaconda3\envs\arxiv-db\Lib\site-packages\pydantic\_internal\_config.py:268: PydanticDeprecatedSince20: Support for class-based `config` is deprecated, use ConfigDict instead. Deprecated in Pydantic V2.0 to be removed in V3.0. See Pydantic V2 Migration Guide at https://errors.pydantic.dev/2.5/migration/
    warnings.warn(DEPRECATION_MESSAGE, DeprecationWarning)

-- Docs: https://docs.pytest.org/en/stable/how-to/capture-warnings.html
======================== 5 passed, 3 warnings in 1.13s ========================
